#
# There is insufficient memory for the Java Runtime Environment to continue.
# Native memory allocation (malloc) failed to allocate 932096 bytes for Chunk::new
# Possible reasons:
#   The system is out of physical RAM or swap space
#   In 32 bit mode, the process size limit was hit
# Possible solutions:
#   Reduce memory load on the system
#   Increase physical memory or swap space
#   Check if swap backing store is full
#   Use 64 bit Java on a 64 bit OS
#   Decrease Java heap size (-Xmx/-Xms)
#   Decrease number of Java threads
#   Decrease Java thread stack sizes (-Xss)
#   Set larger code cache with -XX:ReservedCodeCacheSize=
# This output file may be truncated or incomplete.
#
#  Out of Memory Error (allocation.cpp:390), pid=3304, tid=0x00000000000007a8
#
# JRE version: OpenJDK Runtime Environment (8.0_152-b01) (build 1.8.0_152-release-1136-b01)
# Java VM: OpenJDK 64-Bit Server VM (25.152-b01 mixed mode windows-amd64 compressed oops)
# Failed to write core dump. Minidumps are not enabled by default on client versions of Windows
#

---------------  T H R E A D  ---------------

Current thread (0x0000000056613800):  JavaThread "C2 CompilerThread1" daemon [_thread_in_native, id=1960, stack(0x0000000057420000,0x0000000057520000)]

Stack: [0x0000000057420000,0x0000000057520000]
[error occurred during error reporting (printing stack bounds), id 0xc0000005]

Native frames: (J=compiled Java code, j=interpreted, Vv=VM code, C=native code)


Current CompileTask:
C2: 187988 10364 %     4       com.android.tools.r8.ir.regalloc.LinearScanRegisterAllocator::allocateSingleInterval @ 417 (806 bytes)


---------------  P R O C E S S  ---------------

Java Threads: ( => current thread )
  0x0000000063008000 JavaThread "ForkJoinPool.commonPool-worker-0" daemon [_thread_blocked, id=3792, stack(0x0000000061dd0000,0x0000000061ed0000)]
  0x0000000063007800 JavaThread "ForkJoinPool.commonPool-worker-3" daemon [_thread_blocked, id=828, stack(0x000000005c440000,0x000000005c540000)]
  0x0000000063006800 JavaThread "ForkJoinPool.commonPool-worker-2" daemon [_thread_in_vm, id=2204, stack(0x000000005ab50000,0x000000005ac50000)]
  0x000000005d5e9000 JavaThread "Cache worker for Java compile cache (C:\Users\MAM\AndroidStudioProjects\JustJava\SimpleCalculator\.gradle\4.6\javaCompile)" [_thread_blocked, id=660, stack(0x000000005fe60000,0x000000005ff60000)]
  0x0000000063006000 JavaThread "stdout" [_thread_in_native, id=2664, stack(0x00000000647a0000,0x00000000648a0000)]
  0x0000000063005000 JavaThread "stderr" [_thread_in_native, id=4736, stack(0x0000000064660000,0x0000000064760000)]
  0x0000000063004800 JavaThread "pool-3-thread-1" [_thread_blocked, id=2296, stack(0x0000000063b00000,0x0000000063c00000)]
  0x0000000063003800 JavaThread "Task worker for ':' Thread 3" [_thread_blocked, id=4708, stack(0x00000000642f0000,0x00000000643f0000)]
  0x000000005d5e6000 JavaThread "Task worker for ':' Thread 2" [_thread_blocked, id=2060, stack(0x0000000063f10000,0x0000000064010000)]
  0x000000005d5e7800 JavaThread "Task worker for ':'" [_thread_blocked, id=1140, stack(0x000000005f410000,0x000000005f510000)]
  0x000000005d5ea000 JavaThread "Cache worker for Build Output Cleanup Cache (C:\Users\MAM\AndroidStudioProjects\JustJava\SimpleCalculator\.gradle\buildOutputCleanup)" [_thread_blocked, id=4732, stack(0x0000000064030000,0x0000000064130000)]
  0x000000005d5ea800 JavaThread "Cache worker for task history cache (C:\Users\MAM\AndroidStudioProjects\JustJava\SimpleCalculator\.gradle\4.6\taskHistory)" [_thread_blocked, id=1928, stack(0x000000005f800000,0x000000005f900000)]
  0x000000005d5eb800 JavaThread "Cache worker for file content cache (C:\Users\MAM\AndroidStudioProjects\JustJava\SimpleCalculator\.gradle\4.6\fileContent)" [_thread_blocked, id=1780, stack(0x0000000063c00000,0x0000000063d00000)]
  0x000000005d5e4000 JavaThread "Build operations Thread 4" [_thread_blocked, id=2788, stack(0x00000000624a0000,0x00000000625a0000)]
  0x000000005d5e4800 JavaThread "Build operations Thread 3" [_thread_blocked, id=4688, stack(0x000000005f910000,0x000000005fa10000)]
  0x000000005d5e5800 JavaThread "Build operations Thread 2" [_thread_blocked, id=4324, stack(0x000000005f6c0000,0x000000005f7c0000)]
  0x000000005d5e0000 JavaThread "Build operations" [_thread_blocked, id=4580, stack(0x000000005f530000,0x000000005f630000)]
  0x000000005d5de000 JavaThread "Cache worker for Artifact transforms cache (C:\Users\MAM\.gradle\caches\transforms-1)" [_thread_blocked, id=4900, stack(0x000000005f310000,0x000000005f410000)]
  0x000000005d5df800 JavaThread "Cache worker for file hash cache (C:\Users\MAM\AndroidStudioProjects\JustJava\SimpleCalculator\.gradle\4.6\fileHashes)" [_thread_blocked, id=2104, stack(0x000000005a590000,0x000000005a690000)]
  0x000000005d5dd000 JavaThread "Asynchronous log dispatcher for DefaultDaemonConnection: socket connection from /127.0.0.1:49273 to /127.0.0.1:49737" [_thread_blocked, id=3220, stack(0x000000005ac60000,0x000000005ad60000)]
  0x000000005d5e3000 JavaThread "Cancel handler" [_thread_blocked, id=4628, stack(0x000000005aa30000,0x000000005ab30000)]
  0x000000005d5e7000 JavaThread "Handler for socket connection from /127.0.0.1:49273 to /127.0.0.1:49737" [_thread_in_native, id=2960, stack(0x000000005a910000,0x000000005aa10000)]
  0x000000005d5e2800 JavaThread "Memory manager" [_thread_blocked, id=4436, stack(0x000000005ef00000,0x000000005f000000)]
  0x000000005d5e1800 JavaThread "pool-1-thread-1" [_thread_blocked, id=2620, stack(0x000000005c000000,0x000000005c100000)]
  0x000000005991a000 JavaThread "File lock request listener" [_thread_in_native, id=4880, stack(0x000000005c290000,0x000000005c390000)]
  0x0000000059aae000 JavaThread "Cache worker for file hash cache (C:\Users\MAM\.gradle\caches\4.6\fileHashes)" [_thread_blocked, id=1056, stack(0x000000005c120000,0x000000005c220000)]
  0x00000000597d5800 JavaThread "Daemon worker" [_thread_blocked, id=4836, stack(0x0000000059f10000,0x000000005a010000)]
  0x000000005956a000 JavaThread "Daemon" [_thread_blocked, id=4488, stack(0x000000005a490000,0x000000005a590000)]
  0x00000000595f9800 JavaThread "Daemon periodic checks" [_thread_blocked, id=1296, stack(0x000000005a2c0000,0x000000005a3c0000)]
  0x00000000594c3000 JavaThread "Incoming local TCP Connector on port 49273" [_thread_in_native, id=3500, stack(0x000000005a1c0000,0x000000005a2c0000)]
  0x0000000057d62800 JavaThread "Service Thread" daemon [_thread_blocked, id=1404, stack(0x00000000581a0000,0x00000000582a0000)]
  0x0000000057d4a000 JavaThread "C1 CompilerThread2" daemon [_thread_in_vm, id=3528, stack(0x00000000582e0000,0x00000000583e0000)]
=>0x0000000056613800 JavaThread "C2 CompilerThread1" daemon [_thread_in_native, id=1960, stack(0x0000000057420000,0x0000000057520000)]
  0x000000005661f000 JavaThread "C2 CompilerThread0" daemon [_thread_blocked, id=2164, stack(0x0000000057af0000,0x0000000057bf0000)]
  0x000000005661d800 JavaThread "Attach Listener" daemon [_thread_blocked, id=4700, stack(0x0000000057bf0000,0x0000000057cf0000)]
  0x000000005661c800 JavaThread "Signal Dispatcher" daemon [_thread_blocked, id=4816, stack(0x0000000057990000,0x0000000057a90000)]
  0x00000000565f8000 JavaThread "Finalizer" daemon [_thread_blocked, id=2760, stack(0x0000000057830000,0x0000000057930000)]
  0x00000000565b1000 JavaThread "Reference Handler" daemon [_thread_blocked, id=348, stack(0x0000000057660000,0x0000000057760000)]
  0x000000000221e800 JavaThread "main" [_thread_blocked, id=976, stack(0x0000000002630000,0x0000000002730000)]

Other Threads:
  0x00000000565a9000 VMThread [stack: 0x0000000057550000,0x0000000057650000] [id=2728]
  0x0000000057d64000 WatcherThread [stack: 0x0000000058430000,0x0000000058530000] [id=3796]

VM state:not at safepoint (normal execution)

VM Mutex/Monitor currently owned by a thread: None

Heap:
 PSYoungGen      total 221696K, used 25837K [0x00000000e0000000, 0x00000000f3580000, 0x0000000100000000)
  eden space 203264K, 3% used [0x00000000e0000000,0x00000000e0742618,0x00000000ec680000)
  from space 18432K, 99% used [0x00000000ec680000,0x00000000ed878e28,0x00000000ed880000)
  to   space 22528K, 0% used [0x00000000f1f80000,0x00000000f1f80000,0x00000000f3580000)
 ParOldGen       total 73728K, used 34383K [0x00000000a0000000, 0x00000000a4800000, 0x00000000e0000000)
  object space 73728K, 46% used [0x00000000a0000000,0x00000000a2193f50,0x00000000a4800000)
 Metaspace       used 73766K, capacity 76200K, committed 76416K, reserved 1116160K
  class space    used 9748K, capacity 10289K, committed 10368K, reserved 1048576K

Card table byte_map: [0x0000000011dc0000,0x00000000120d0000] byte_map_base: 0x00000000118c0000

Marking Bits: (ParMarkBitMap*) 0x000000006e8d5aa0
 Begin Bits: [0x0000000012920000, 0x0000000014120000)
 End Bits:   [0x0000000014120000, 0x0000000015920000)

Polling page: 0x0000000000130000

CodeCache: size=245760Kb used=28448Kb max_used=28560Kb free=217311Kb
 bounds [0x0000000002a00000, 0x0000000004610000, 0x0000000011a00000]
 total_blobs=9814 nmethods=8982 adapters=744
 compilation: enabled

Compilation events (10 events):
Event: 187.954 Thread 0x0000000057d4a000 10414       3       com.android.tools.r8.ir.optimize.BasicBlockInstructionsEquivalence::doHash (9 bytes)
Event: 187.954 Thread 0x0000000057d4a000 nmethod 10414 0x0000000003fd9cd0 code [0x0000000003fd9e40, 0x0000000003fda0c8]
Event: 187.954 Thread 0x0000000057d4a000 10415       3       com.android.tools.r8.ir.optimize.BasicBlockInstructionsEquivalence::doHash (58 bytes)
Event: 187.954 Thread 0x0000000057d4a000 nmethod 10415 0x0000000003fd95d0 code [0x0000000003fd9760, 0x0000000003fd9ac8]
Event: 187.955 Thread 0x0000000057d4a000 10417       3       java.util.Collection::removeIf (51 bytes)
Event: 187.956 Thread 0x0000000057d4a000 nmethod 10417 0x000000000409ad50 code [0x000000000409af40, 0x000000000409b6b8]
Event: 187.956 Thread 0x0000000057d4a000 10416       3       com.android.tools.r8.ir.code.Move::src (14 bytes)
Event: 187.956 Thread 0x0000000057d4a000 nmethod 10416 0x00000000040e0e90 code [0x00000000040e1000, 0x00000000040e1308]
Event: 187.959 Thread 0x0000000057d4a000 10418       3       com.android.tools.r8.ir.optimize.PeepholeOptimizer::removeWideConstantCovering (44 bytes)
Event: 187.959 Thread 0x000000005661f000 10419       4       com.android.tools.r8.ir.code.Value::requiredRegisters (8 bytes)

GC Heap History (10 events):
Event: 25.915 GC heap before
{Heap before GC invocations=12 (full 2):
 PSYoungGen      total 131584K, used 122880K [0x00000000e0000000, 0x00000000ea900000, 0x0000000100000000)
  eden space 122880K, 100% used [0x00000000e0000000,0x00000000e7800000,0x00000000e7800000)
  from space 8704K, 0% used [0x00000000e7800000,0x00000000e7800000,0x00000000e8080000)
  to   space 11776K, 0% used [0x00000000e9d80000,0x00000000e9d80000,0x00000000ea900000)
 ParOldGen       total 52224K, used 19054K [0x00000000a0000000, 0x00000000a3300000, 0x00000000e0000000)
  object space 52224K, 36% used [0x00000000a0000000,0x00000000a129b878,0x00000000a3300000)
 Metaspace       used 42604K, capacity 43488K, committed 43520K, reserved 1087488K
  class space    used 5854K, capacity 6135K, committed 6144K, reserved 1048576K
Event: 26.030 GC heap after
Heap after GC invocations=12 (full 2):
 PSYoungGen      total 159232K, used 11748K [0x00000000e0000000, 0x00000000ebf80000, 0x0000000100000000)
  eden space 147456K, 0% used [0x00000000e0000000,0x00000000e0000000,0x00000000e9000000)
  from space 11776K, 99% used [0x00000000e9d80000,0x00000000ea8f9378,0x00000000ea900000)
  to   space 13824K, 0% used [0x00000000e9000000,0x00000000e9000000,0x00000000e9d80000)
 ParOldGen       total 52224K, used 20739K [0x00000000a0000000, 0x00000000a3300000, 0x00000000e0000000)
  object space 52224K, 39% used [0x00000000a0000000,0x00000000a1440ea0,0x00000000a3300000)
 Metaspace       used 42604K, capacity 43488K, committed 43520K, reserved 1087488K
  class space    used 5854K, capacity 6135K, committed 6144K, reserved 1048576K
}
Event: 36.541 GC heap before
{Heap before GC invocations=13 (full 2):
 PSYoungGen      total 159232K, used 159204K [0x00000000e0000000, 0x00000000ebf80000, 0x0000000100000000)
  eden space 147456K, 100% used [0x00000000e0000000,0x00000000e9000000,0x00000000e9000000)
  from space 11776K, 99% used [0x00000000e9d80000,0x00000000ea8f9378,0x00000000ea900000)
  to   space 13824K, 0% used [0x00000000e9000000,0x00000000e9000000,0x00000000e9d80000)
 ParOldGen       total 52224K, used 20739K [0x00000000a0000000, 0x00000000a3300000, 0x00000000e0000000)
  object space 52224K, 39% used [0x00000000a0000000,0x00000000a1440ea0,0x00000000a3300000)
 Metaspace       used 54703K, capacity 56298K, committed 56576K, reserved 1097728K
  class space    used 7515K, capacity 7866K, committed 7936K, reserved 1048576K
Event: 36.877 GC heap after
Heap after GC invocations=13 (full 2):
 PSYoungGen      total 161280K, used 13810K [0x00000000e0000000, 0x00000000eeb00000, 0x0000000100000000)
  eden space 147456K, 0% used [0x00000000e0000000,0x00000000e0000000,0x00000000e9000000)
  from space 13824K, 99% used [0x00000000e9000000,0x00000000e9d7cac8,0x00000000e9d80000)
  to   space 18944K, 0% used [0x00000000ed880000,0x00000000ed880000,0x00000000eeb00000)
 ParOldGen       total 52224K, used 28969K [0x00000000a0000000, 0x00000000a3300000, 0x00000000e0000000)
  object space 52224K, 55% used [0x00000000a0000000,0x00000000a1c4a458,0x00000000a3300000)
 Metaspace       used 54703K, capacity 56298K, committed 56576K, reserved 1097728K
  class space    used 7515K, capacity 7866K, committed 7936K, reserved 1048576K
}
Event: 45.136 GC heap before
{Heap before GC invocations=14 (full 2):
 PSYoungGen      total 161280K, used 91129K [0x00000000e0000000, 0x00000000eeb00000, 0x0000000100000000)
  eden space 147456K, 52% used [0x00000000e0000000,0x00000000e4b81940,0x00000000e9000000)
  from space 13824K, 99% used [0x00000000e9000000,0x00000000e9d7cac8,0x00000000e9d80000)
  to   space 18944K, 0% used [0x00000000ed880000,0x00000000ed880000,0x00000000eeb00000)
 ParOldGen       total 52224K, used 28969K [0x00000000a0000000, 0x00000000a3300000, 0x00000000e0000000)
  object space 52224K, 55% used [0x00000000a0000000,0x00000000a1c4a458,0x00000000a3300000)
 Metaspace       used 57214K, capacity 58888K, committed 59008K, reserved 1099776K
  class space    used 7785K, capacity 8219K, committed 8320K, reserved 1048576K
Event: 45.403 GC heap after
Heap after GC invocations=14 (full 2):
 PSYoungGen      total 222208K, used 4292K [0x00000000e0000000, 0x00000000eeb00000, 0x0000000100000000)
  eden space 203264K, 0% used [0x00000000e0000000,0x00000000e0000000,0x00000000ec680000)
  from space 18944K, 22% used [0x00000000ed880000,0x00000000edcb11f8,0x00000000eeb00000)
  to   space 18432K, 0% used [0x00000000ec680000,0x00000000ec680000,0x00000000ed880000)
 ParOldGen       total 52224K, used 35071K [0x00000000a0000000, 0x00000000a3300000, 0x00000000e0000000)
  object space 52224K, 67% used [0x00000000a0000000,0x00000000a223fd68,0x00000000a3300000)
 Metaspace       used 57214K, capacity 58888K, committed 59008K, reserved 1099776K
  class space    used 7785K, capacity 8219K, committed 8320K, reserved 1048576K
}
Event: 45.403 GC heap before
{Heap before GC invocations=15 (full 3):
 PSYoungGen      total 222208K, used 4292K [0x00000000e0000000, 0x00000000eeb00000, 0x0000000100000000)
  eden space 203264K, 0% used [0x00000000e0000000,0x00000000e0000000,0x00000000ec680000)
  from space 18944K, 22% used [0x00000000ed880000,0x00000000edcb11f8,0x00000000eeb00000)
  to   space 18432K, 0% used [0x00000000ec680000,0x00000000ec680000,0x00000000ed880000)
 ParOldGen       total 52224K, used 35071K [0x00000000a0000000, 0x00000000a3300000, 0x00000000e0000000)
  object space 52224K, 67% used [0x00000000a0000000,0x00000000a223fd68,0x00000000a3300000)
 Metaspace       used 57214K, capacity 58888K, committed 59008K, reserved 1099776K
  class space    used 7785K, capacity 8219K, committed 8320K, reserved 1048576K
Event: 45.904 GC heap after
Heap after GC invocations=15 (full 3):
 PSYoungGen      total 222208K, used 0K [0x00000000e0000000, 0x00000000eeb00000, 0x0000000100000000)
  eden space 203264K, 0% used [0x00000000e0000000,0x00000000e0000000,0x00000000ec680000)
  from space 18944K, 0% used [0x00000000ed880000,0x00000000ed880000,0x00000000eeb00000)
  to   space 18432K, 0% used [0x00000000ec680000,0x00000000ec680000,0x00000000ed880000)
 ParOldGen       total 73728K, used 31043K [0x00000000a0000000, 0x00000000a4800000, 0x00000000e0000000)
  object space 73728K, 42% used [0x00000000a0000000,0x00000000a1e50e10,0x00000000a4800000)
 Metaspace       used 57214K, capacity 58888K, committed 59008K, reserved 1099776K
  class space    used 7785K, capacity 8219K, committed 8320K, reserved 1048576K
}
Event: 187.128 GC heap before
{Heap before GC invocations=16 (full 3):
 PSYoungGen      total 222208K, used 203264K [0x00000000e0000000, 0x00000000eeb00000, 0x0000000100000000)
  eden space 203264K, 100% used [0x00000000e0000000,0x00000000ec680000,0x00000000ec680000)
  from space 18944K, 0% used [0x00000000ed880000,0x00000000ed880000,0x00000000eeb00000)
  to   space 18432K, 0% used [0x00000000ec680000,0x00000000ec680000,0x00000000ed880000)
 ParOldGen       total 73728K, used 31043K [0x00000000a0000000, 0x00000000a4800000, 0x00000000e0000000)
  object space 73728K, 42% used [0x00000000a0000000,0x00000000a1e50e10,0x00000000a4800000)
 Metaspace       used 73630K, capacity 76054K, committed 76160K, reserved 1116160K
  class space    used 9748K, capacity 10288K, committed 10368K, reserved 1048576K
Event: 187.374 GC heap after
Heap after GC invocations=16 (full 3):
 PSYoungGen      total 221696K, used 18403K [0x00000000e0000000, 0x00000000f3580000, 0x0000000100000000)
  eden space 203264K, 0% used [0x00000000e0000000,0x00000000e0000000,0x00000000ec680000)
  from space 18432K, 99% used [0x00000000ec680000,0x00000000ed878e28,0x00000000ed880000)
  to   space 22528K, 0% used [0x00000000f1f80000,0x00000000f1f80000,0x00000000f3580000)
 ParOldGen       total 73728K, used 34383K [0x00000000a0000000, 0x00000000a4800000, 0x00000000e0000000)
  object space 73728K, 46% used [0x00000000a0000000,0x00000000a2193f50,0x00000000a4800000)
 Metaspace       used 73630K, capacity 76054K, committed 76160K, reserved 1116160K
  class space    used 9748K, capacity 10288K, committed 10368K, reserved 1048576K
}

Deoptimization events (10 events):
Event: 171.314 Thread 0x00000000597d5800 Uncommon trap: reason=class_check action=maybe_recompile pc=0x00000000033301d8 method=java.lang.AbstractStringBuilder.append(Ljava/lang/CharSequence;II)Ljava/lang/AbstractStringBuilder; @ 18
Event: 171.620 Thread 0x00000000597d5800 Uncommon trap: reason=unstable_if action=reinterpret pc=0x0000000002ec7820 method=java.lang.AbstractStringBuilder.append(I)Ljava/lang/AbstractStringBuilder; @ 16
Event: 171.620 Thread 0x00000000597d5800 Uncommon trap: reason=unstable_if action=reinterpret pc=0x000000000379f440 method=java.lang.Integer.getChars(II[C)V @ 7
Event: 172.120 Thread 0x00000000597d5800 Uncommon trap: reason=unstable_if action=reinterpret pc=0x00000000036c5b18 method=java.util.zip.InflaterInputStream.read()I @ 15
Event: 173.151 Thread 0x00000000597d5800 Uncommon trap: reason=unstable_if action=reinterpret pc=0x0000000004469688 method=sun.nio.fs.WindowsPathParser.isSlash(C)Z @ 9
Event: 173.151 Thread 0x00000000597d5800 Uncommon trap: reason=unstable_if action=reinterpret pc=0x0000000003867840 method=sun.nio.fs.WindowsPathParser.isSlash(C)Z @ 9
Event: 173.151 Thread 0x00000000597d5800 Uncommon trap: reason=unstable_if action=reinterpret pc=0x0000000002b5d3f8 method=sun.nio.fs.WindowsPathParser.isSlash(C)Z @ 9
Event: 173.225 Thread 0x0000000063006800 Uncommon trap: reason=unstable_if action=reinterpret pc=0x0000000003f5c730 method=java.nio.file.FileTreeWalker.getAttributes(Ljava/nio/file/Path;Z)Ljava/nio/file/attribute/BasicFileAttributes; @ 35
Event: 173.225 Thread 0x00000000597d5800 Uncommon trap: reason=unstable_if action=reinterpret pc=0x0000000003f5c730 method=java.nio.file.FileTreeWalker.getAttributes(Ljava/nio/file/Path;Z)Ljava/nio/file/attribute/BasicFileAttributes; @ 35
Event: 173.225 Thread 0x0000000063008000 Uncommon trap: reason=unstable_if action=reinterpret pc=0x0000000003f5c730 method=java.nio.file.FileTreeWalker.getAttributes(Ljava/nio/file/Path;Z)Ljava/nio/file/attribute/BasicFileAttributes; @ 35

Classes redefined (0 events):
No events

Internal exceptions (10 events):
Event: 170.893 Thread 0x0000000063006800 Exception <a 'java/lang/NoSuchMethodError': java.lang.Object.lambda$asRunnable$0(Lcom/android/tools/build/apkzlib/utils/IOExceptionRunnable;)V> (0x00000000e817f478) thrown at [D:\src\AOSP-openjdk-cygwin\jdk8u\hotspot\src\share\vm\interpreter\linkResolver.
Event: 170.992 Thread 0x0000000063006800 Exception <a 'java/lang/ClassNotFoundException': org/gradle/api/plugins/JavaPluginConventionBeanInfo> (0x00000000e82586a0) thrown at [D:\src\AOSP-openjdk-cygwin\jdk8u\hotspot\src\share\vm\classfile\systemDictionary.cpp, line 210]
Event: 170.993 Thread 0x0000000063006800 Exception <a 'java/lang/ClassNotFoundException': org/gradle/api/plugins/JavaPluginConventionCustomizer> (0x00000000e8293488) thrown at [D:\src\AOSP-openjdk-cygwin\jdk8u\hotspot\src\share\vm\classfile\systemDictionary.cpp, line 210]
Event: 171.086 Thread 0x0000000063006800 Exception <a 'java/lang/NoSuchMethodError': java.lang.Object.lambda$comparing$ea9a8b3a$1(Ljava/util/Comparator;Ljava/util/function/Function;Ljava/lang/Object;Ljava/lang/Object;)I> (0x00000000e845c380) thrown at [D:\src\AOSP-openjdk-cygwin\jdk8u\hotspot\sr
Event: 171.142 Thread 0x0000000063006800 Exception <a 'java/lang/NoSuchMethodError': java.lang.Object.lambda$or$2(Ljava/util/function/Predicate;Ljava/lang/Object;)Z> (0x00000000e8607418) thrown at [D:\src\AOSP-openjdk-cygwin\jdk8u\hotspot\src\share\vm\interpreter\linkResolver.cpp, line 584]
Event: 171.297 Thread 0x00000000597d5800 Exception <a 'sun/nio/fs/WindowsException'> (0x00000000e77565d0) thrown at [D:\src\AOSP-openjdk-cygwin\jdk8u\hotspot\src\share\vm\prims\jni.cpp, line 709]
Event: 173.130 Thread 0x0000000063008000 Exception <a 'java/lang/NoSuchMethodError': java.lang.Object.lambda$and$0(Ljava/util/function/Predicate;Ljava/lang/Object;)Z> (0x00000000ea82b9f0) thrown at [D:\src\AOSP-openjdk-cygwin\jdk8u\hotspot\src\share\vm\interpreter\linkResolver.cpp, line 584]
Event: 173.130 Thread 0x00000000597d5800 Exception <a 'java/lang/NoSuchMethodError': java.lang.Object.lambda$and$0(Ljava/util/function/Predicate;Ljava/lang/Object;)Z> (0x00000000ea5a9610) thrown at [D:\src\AOSP-openjdk-cygwin\jdk8u\hotspot\src\share\vm\interpreter\linkResolver.cpp, line 584]
Event: 173.143 Thread 0x0000000063008000 Exception <a 'java/lang/NoSuchMethodError': java.lang.Object.lambda$static$0(Ljava/lang/String;)Z> (0x00000000ea83dd10) thrown at [D:\src\AOSP-openjdk-cygwin\jdk8u\hotspot\src\share\vm\interpreter\linkResolver.cpp, line 584]
Event: 173.251 Thread 0x0000000063008000 Exception <a 'sun/nio/fs/WindowsException'> (0x00000000eaa51260) thrown at [D:\src\AOSP-openjdk-cygwin\jdk8u\hotspot\src\share\vm\prims\jni.cpp, line 709]

Events (10 events):
Event: 187.597 Thread 0x0000000057d4a000 flushing nmethod 0x00000000041db710
Event: 187.597 Thread 0x0000000057d4a000 flushing nmethod 0x00000000041dc050
Event: 187.597 Thread 0x0000000057d4a000 flushing nmethod 0x00000000041dde90
Event: 187.597 Thread 0x0000000057d4a000 flushing nmethod 0x00000000041e0ed0
Event: 187.597 Thread 0x0000000057d4a000 flushing nmethod 0x00000000041e20d0
Event: 187.597 Thread 0x0000000057d4a000 flushing nmethod 0x000000000421d590
Event: 187.597 Thread 0x0000000057d4a000 flushing nmethod 0x000000000422dd90
Event: 187.597 Thread 0x0000000057d4a000 flushing nmethod 0x0000000004239f50
Event: 187.597 Thread 0x0000000057d4a000 flushing nmethod 0x000000000423de50
Event: 187.598 Thread 0x0000000057d4a000 flushing nmethod 0x000000000428b550


Dynamic libraries:
0x000000013f2e0000 - 0x000000013f311000 	C:\Program Files\Android\Android Studio\jre\bin\java.exe
0x00000000771f0000 - 0x000000007739a000 	C:\Windows\SYSTEM32\ntdll.dll
0x0000000076fd0000 - 0x00000000770ef000 	C:\Windows\system32\kernel32.dll
0x000007fefd3d0000 - 0x000007fefd43b000 	C:\Windows\system32\KERNELBASE.dll
0x000007fefea10000 - 0x000007fefeaeb000 	C:\Windows\system32\ADVAPI32.dll
0x000007fefeb00000 - 0x000007fefeb9f000 	C:\Windows\system32\msvcrt.dll
0x000007fefd500000 - 0x000007fefd51f000 	C:\Windows\SYSTEM32\sechost.dll
0x000007feff3d0000 - 0x000007feff4fd000 	C:\Windows\system32\RPCRT4.dll
0x00000000770f0000 - 0x00000000771ea000 	C:\Windows\system32\USER32.dll
0x000007fefe4d0000 - 0x000007fefe537000 	C:\Windows\system32\GDI32.dll
0x000007fefd520000 - 0x000007fefd52e000 	C:\Windows\system32\LPK.dll
0x000007fefe5c0000 - 0x000007fefe689000 	C:\Windows\system32\USP10.dll
0x000007fefbb90000 - 0x000007fefbd84000 	C:\Windows\WinSxS\amd64_microsoft.windows.common-controls_6595b64144ccf1df_6.0.7601.18837_none_fa3b1e3d17594757\COMCTL32.dll
0x000007fefe990000 - 0x000007fefea01000 	C:\Windows\system32\SHLWAPI.dll
0x000007fefe730000 - 0x000007fefe75e000 	C:\Windows\system32\IMM32.DLL
0x000007fefed40000 - 0x000007fefee49000 	C:\Windows\system32\MSCTF.dll
0x0000000072760000 - 0x0000000072832000 	C:\Program Files\Android\Android Studio\jre\jre\bin\msvcr100.dll
0x000000006e110000 - 0x000000006e951000 	C:\Program Files\Android\Android Studio\jre\jre\bin\server\jvm.dll
0x000007fef95a0000 - 0x000007fef95a9000 	C:\Windows\system32\WSOCK32.dll
0x000007fefecf0000 - 0x000007fefed3d000 	C:\Windows\system32\WS2_32.dll
0x000007fefeaf0000 - 0x000007fefeaf8000 	C:\Windows\system32\NSI.dll
0x000007fef8920000 - 0x000007fef895b000 	C:\Windows\system32\WINMM.dll
0x000007fefc250000 - 0x000007fefc25c000 	C:\Windows\system32\VERSION.dll
0x00000000773b0000 - 0x00000000773b7000 	C:\Windows\system32\PSAPI.DLL
0x000007fef13a0000 - 0x000007fef13af000 	C:\Program Files\Android\Android Studio\jre\jre\bin\verify.dll
0x000007fef1370000 - 0x000007fef1399000 	C:\Program Files\Android\Android Studio\jre\jre\bin\java.dll
0x000007fef1350000 - 0x000007fef1366000 	C:\Program Files\Android\Android Studio\jre\jre\bin\zip.dll
0x000007fefd530000 - 0x000007fefe2ba000 	C:\Windows\system32\SHELL32.dll
0x000007fefe2c0000 - 0x000007fefe4c3000 	C:\Windows\system32\ole32.dll
0x000007fefd0f0000 - 0x000007fefd0ff000 	C:\Windows\system32\profapi.dll
0x000007fef1330000 - 0x000007fef134a000 	C:\Program Files\Android\Android Studio\jre\jre\bin\net.dll
0x000007fefc960000 - 0x000007fefc9b5000 	C:\Windows\system32\mswsock.dll
0x000007fefc950000 - 0x000007fefc957000 	C:\Windows\System32\wship6.dll
0x000007fef1310000 - 0x000007fef1321000 	C:\Program Files\Android\Android Studio\jre\jre\bin\nio.dll
0x000007fef4350000 - 0x000007fef436e000 	C:\Users\MAM\.gradle\native\25\windows-amd64\native-platform.dll
0x000007fef13b0000 - 0x000007fef13bd000 	C:\Program Files\Android\Android Studio\jre\jre\bin\management.dll
0x000007fefc9c0000 - 0x000007fefc9d7000 	C:\Windows\system32\CRYPTSP.dll
0x000007fefc6c0000 - 0x000007fefc707000 	C:\Windows\system32\rsaenh.dll
0x000007fefc440000 - 0x000007fefc45e000 	C:\Windows\system32\USERENV.dll
0x000007fefd020000 - 0x000007fefd02f000 	C:\Windows\system32\CRYPTBASE.dll
0x000007fefac00000 - 0x000007fefac27000 	C:\Windows\system32\IPHLPAPI.DLL
0x000007fefabe0000 - 0x000007fefabeb000 	C:\Windows\system32\WINNSI.DLL
0x000007fefa9f0000 - 0x000007fefaa08000 	C:\Windows\system32\dhcpcsvc.DLL
0x000007fefa9d0000 - 0x000007fefa9e1000 	C:\Windows\system32\dhcpcsvc6.DLL
0x000007fefcfc0000 - 0x000007fefd017000 	C:\Windows\system32\apphelp.dll

VM Arguments:
jvm_args: -Xmx1536m -Dfile.encoding=windows-1252 -Duser.country=US -Duser.language=en -Duser.variant 
java_command: org.gradle.launcher.daemon.bootstrap.GradleDaemon 4.6
java_class_path (initial): C:\Users\MAM\.gradle\wrapper\dists\gradle-4.6-all\bcst21l2brirad8k2ben1letg\gradle-4.6\lib\gradle-launcher-4.6.jar
Launcher Type: SUN_STANDARD

Environment Variables:
PATH=C:\ProgramData\Oracle\Java\javapath;C:\Windows\system32;C:\Windows;C:\Windows\System32\Wbem;C:\Windows\System32\WindowsPowerShell\v1.0\;C:\Program Files (x86)\Skype\Phone\;C:\Program Files\nodejs\;c:\Program Files\WIDCOMM\Bluetooth Software\;c:\Program Files\WIDCOMM\Bluetooth Software\syswow64;C:\Program Files\Git\cmd;c:\Apache24\bin;c:\php;C:\Users\MAM\AppData\Roaming\npm;C:\Program Files\Java\jdk-9.0.1\bin;C:\Program Files\Microsoft VS Code\bin
USERNAME=MAM
OS=Windows_NT
PROCESSOR_IDENTIFIER=Intel64 Family 6 Model 37 Stepping 5, GenuineIntel



---------------  S Y S T E M  ---------------

OS: Windows 7 , 64 bit Build 7601 (6.1.7601.19135)

CPU:total 4 (initial active 4) (2 cores per cpu, 2 threads per core) family 6 model 37 stepping 5, cmov, cx8, fxsr, mmx, sse, sse2, sse3, ssse3, sse4.1, sse4.2, popcnt, aes, clmul, ht, tsc, tscinvbit

Memory: 4k page, physical 3980676k(347620k free), swap 6356196k(9584k free)

vm_info: OpenJDK 64-Bit Server VM (25.152-b01) for windows-amd64 JRE (1.8.0_152-release-1136-b01), built by "builder" with MS VC++ 10.0 (VS2010)

time: Sun May 06 19:43:55 2018
elapsed time: 187 seconds (0d 0h 3m 7s)

